2019-02-27 00:32:15 [main] INFO  c.p.webmodule.WebModuleApplication - Starting WebModuleApplication on WIN-CTBIBJC5N70 with PID 9044 (D:\localRepository\GitHub\LaborExchange\web-module\target\classes started by User in D:\localRepository\GitHub\LaborExchange)
2019-02-27 00:32:15 [main] INFO  c.p.webmodule.WebModuleApplication - No active profile set, falling back to default profiles: default
2019-02-27 00:32:16 [main] INFO  o.s.b.w.s.c.AnnotationConfigServletWebServerApplicationContext - Refreshing org.springframework.boot.web.servlet.context.AnnotationConfigServletWebServerApplicationContext@1139b2f3: startup date [Wed Feb 27 00:32:16 MSK 2019]; root of context hierarchy
2019-02-27 00:32:21 [main] INFO  o.s.b.f.a.AutowiredAnnotationBeanPostProcessor - JSR-330 'javax.inject.Inject' annotation found and supported for autowiring
2019-02-27 00:32:22 [main] INFO  o.s.c.s.PostProcessorRegistrationDelegate$BeanPostProcessorChecker - Bean 'org.springframework.transaction.annotation.ProxyTransactionManagementConfiguration' of type [org.springframework.transaction.annotation.ProxyTransactionManagementConfiguration$$EnhancerBySpringCGLIB$$afe70f6b] is not eligible for getting processed by all BeanPostProcessors (for example: not eligible for auto-proxying)
2019-02-27 00:32:22 [main] INFO  o.s.c.s.PostProcessorRegistrationDelegate$BeanPostProcessorChecker - Bean 'org.springframework.security.config.annotation.configuration.ObjectPostProcessorConfiguration' of type [org.springframework.security.config.annotation.configuration.ObjectPostProcessorConfiguration$$EnhancerBySpringCGLIB$$4894d7a5] is not eligible for getting processed by all BeanPostProcessors (for example: not eligible for auto-proxying)
2019-02-27 00:32:22 [main] INFO  o.s.c.s.PostProcessorRegistrationDelegate$BeanPostProcessorChecker - Bean 'objectPostProcessor' of type [org.springframework.security.config.annotation.configuration.AutowireBeanFactoryObjectPostProcessor] is not eligible for getting processed by all BeanPostProcessors (for example: not eligible for auto-proxying)
2019-02-27 00:32:22 [main] INFO  o.s.c.s.PostProcessorRegistrationDelegate$BeanPostProcessorChecker - Bean 'org.springframework.security.access.expression.method.DefaultMethodSecurityExpressionHandler@304a9d7b' of type [org.springframework.security.access.expression.method.DefaultMethodSecurityExpressionHandler] is not eligible for getting processed by all BeanPostProcessors (for example: not eligible for auto-proxying)
2019-02-27 00:32:22 [main] INFO  o.s.c.s.PostProcessorRegistrationDelegate$BeanPostProcessorChecker - Bean 'org.springframework.security.config.annotation.method.configuration.GlobalMethodSecurityConfiguration' of type [org.springframework.security.config.annotation.method.configuration.GlobalMethodSecurityConfiguration$$EnhancerBySpringCGLIB$$6d697a57] is not eligible for getting processed by all BeanPostProcessors (for example: not eligible for auto-proxying)
2019-02-27 00:32:22 [main] INFO  o.s.c.s.PostProcessorRegistrationDelegate$BeanPostProcessorChecker - Bean 'methodSecurityMetadataSource' of type [org.springframework.security.access.method.DelegatingMethodSecurityMetadataSource] is not eligible for getting processed by all BeanPostProcessors (for example: not eligible for auto-proxying)
2019-02-27 00:32:24 [main] INFO  o.s.b.w.e.tomcat.TomcatWebServer - Tomcat initialized with port(s): 8080 (http)
2019-02-27 00:32:24 [main] INFO  o.a.catalina.core.StandardService - Starting service [Tomcat]
2019-02-27 00:32:24 [main] INFO  o.a.catalina.core.StandardEngine - Starting Servlet Engine: Apache Tomcat/8.5.34
2019-02-27 00:32:24 [localhost-startStop-1] INFO  o.a.c.core.AprLifecycleListener - The APR based Apache Tomcat Native library which allows optimal performance in production environments was not found on the java.library.path: [D:\Programs\JAVA\jdk1.8.0_161\bin;C:\Windows\Sun\Java\bin;C:\Windows\system32;C:\Windows;C:\ProgramData\Oracle\Java\javapath;C:\Program Files (x86)\NVIDIA Corporation\PhysX\Common;C:\Windows\system32;C:\Windows;C:\Windows\System32\Wbem;C:\Windows\System32\WindowsPowerShell\v1.0\;C:\Program Files\Microsoft SQL Server\120\Tools\Binn\;C:\Program Files\MySQL\MySQL Utilities 1.6\;C:\Program Files (x86)\QuickTime\QTSystem\;C:\Program Files\Git\cmd;C:\Program Files\TortoiseGit\bin;d:\programs\quartus\quartus\bin;D:\Programs\PostgreSql\pg10\bin;D:\Programs\NodeJs\;D:\Programs\UnrealEngine4\NVPACK\android-sdk-windows\extras\android\support;D:\Programs\UnrealEngine4\NVPACK\android-sdk-windows\build-tools;D:\Programs\UnrealEngine4\NVPACK\android-sdk-windows\platform-tools;D:\Programs\UnrealEngine4\NVPACK\android-sdk-windows\tools;D:\Programs\UnrealEngine4\NVPACK\gradle-4.1\bin;D:\Programs\UnrealEngine4\NVPACK\apache-ant-1.8.2\bin;D:\Programs\UnrealEngine4\NVPACK\jdk1.8\bin;D:\Programs\UnrealEngine4\NVPACK\android-ndk-r15c;C:\Users\User\AppData\Local\Microsoft\WindowsApps;C:\Users\User\AppData\Local\GitHubDesktop\bin







;C:\Users\User\AppData\Roaming\npm;.]
2019-02-27 00:32:24 [localhost-startStop-1] INFO  o.a.c.c.C.[Tomcat].[localhost].[/] - Initializing Spring embedded WebApplicationContext
2019-02-27 00:32:25 [localhost-startStop-1] INFO  o.s.b.w.s.FilterRegistrationBean - Mapping filter: 'characterEncodingFilter' to: [/*]
2019-02-27 00:32:25 [localhost-startStop-1] INFO  o.s.b.w.s.DelegatingFilterProxyRegistrationBean - Mapping filter: 'springSecurityFilterChain' to: [/*]
2019-02-27 00:32:25 [localhost-startStop-1] INFO  o.s.b.w.s.FilterRegistrationBean - Mapping filter: 'authTokenFilter' to: [/*]
2019-02-27 00:32:25 [localhost-startStop-1] INFO  o.s.b.w.s.ServletRegistrationBean - Servlet dispatcherServlet mapped to [/]
2019-02-27 00:32:26 [main] INFO  com.zaxxer.hikari.HikariDataSource - HikariPool-1 - Starting...
2019-02-27 00:32:27 [main] INFO  com.zaxxer.hikari.HikariDataSource - HikariPool-1 - Start completed.
2019-02-27 00:32:27 [main] INFO  o.s.o.j.LocalContainerEntityManagerFactoryBean - Building JPA container EntityManagerFactory for persistence unit 'default'
2019-02-27 00:32:27 [main] INFO  o.h.jpa.internal.util.LogHelper - HHH000204: Processing PersistenceUnitInfo [
	name: default
	...]
2019-02-27 00:32:28 [main] INFO  org.hibernate.Version - HHH000412: Hibernate Core {5.2.1.Final}
2019-02-27 00:32:28 [main] INFO  org.hibernate.cfg.Environment - HHH000206: hibernate.properties not found
2019-02-27 00:32:28 [main] INFO  org.hibernate.cfg.Environment - HHH000021: Bytecode provider name : javassist
2019-02-27 00:32:28 [main] INFO  o.h.annotations.common.Version - HCANN000001: Hibernate Commons Annotations {5.0.1.Final}
2019-02-27 00:32:28 [main] INFO  org.hibernate.dialect.Dialect - HHH000400: Using dialect: org.hibernate.dialect.MySQLDialect
2019-02-27 00:32:31 [main] INFO  o.s.o.j.LocalContainerEntityManagerFactoryBean - Initialized JPA EntityManagerFactory for persistence unit 'default'
2019-02-27 00:32:34 [main] INFO  o.s.s.web.DefaultSecurityFilterChain - Creating filter chain: org.springframework.security.web.util.matcher.AnyRequestMatcher@1, [org.springframework.security.web.context.request.async.WebAsyncManagerIntegrationFilter@24876a7e, org.springframework.security.web.context.SecurityContextPersistenceFilter@7675c171, org.springframework.security.web.header.HeaderWriterFilter@9cfc77, org.springframework.web.filter.CorsFilter@1625789b, org.springframework.security.web.authentication.logout.LogoutFilter@22a260ff, com.laborExchange.webmodule.config.JwtAuthFilter@4aed0de0, org.springframework.security.web.savedrequest.RequestCacheAwareFilter@51cab489, org.springframework.security.web.servletapi.SecurityContextHolderAwareRequestFilter@2dd1086, org.springframework.security.web.authentication.AnonymousAuthenticationFilter@5a1dddba, org.springframework.security.web.session.SessionManagementFilter@601eb4af, org.springframework.security.web.access.ExceptionTranslationFilter@44f0ff2b, org.springframework.security.web.access.intercept.FilterSecurityInterceptor@110e9982]
2019-02-27 00:32:34 [main] WARN  o.s.b.a.o.j.JpaBaseConfiguration$JpaWebConfiguration$JpaWebMvcConfiguration - spring.jpa.open-in-view is enabled by default. Therefore, database queries may be performed during view rendering. Explicitly configure spring.jpa.open-in-view to disable this warning
2019-02-27 00:32:36 [main] WARN  o.s.b.a.t.ThymeleafAutoConfiguration$DefaultTemplateResolverConfiguration - Cannot find template location: classpath:/templates/ (please add some templates or check your Thymeleaf configuration)
2019-02-27 00:32:36 [main] INFO  o.s.j.e.a.AnnotationMBeanExporter - Registering beans for JMX exposure on startup
2019-02-27 00:32:36 [main] INFO  o.s.j.e.a.AnnotationMBeanExporter - Bean with name 'dataSource' has been autodetected for JMX exposure
2019-02-27 00:32:36 [main] INFO  o.s.j.e.a.AnnotationMBeanExporter - Located MBean 'dataSource': registering with JMX server as MBean [com.zaxxer.hikari:name=dataSource,type=HikariDataSource]
2019-02-27 00:32:36 [main] INFO  o.s.b.w.e.tomcat.TomcatWebServer - Tomcat started on port(s): 8080 (http) with context path ''
2019-02-27 00:32:36 [main] INFO  c.p.webmodule.WebModuleApplication - Started WebModuleApplication in 22.298 seconds (JVM running for 26.257)
2019-02-27 01:12:06 [main] INFO  c.l.webmodule.WebModuleApplication - Starting WebModuleApplication on WIN-CTBIBJC5N70 with PID 1488 (D:\localRepository\GitHub\LaborExchange\web-module\target\classes started by User in D:\localRepository\GitHub\LaborExchange)
2019-02-27 01:12:06 [main] INFO  c.l.webmodule.WebModuleApplication - No active profile set, falling back to default profiles: default
2019-02-27 01:12:07 [main] INFO  o.s.b.w.s.c.AnnotationConfigServletWebServerApplicationContext - Refreshing org.springframework.boot.web.servlet.context.AnnotationConfigServletWebServerApplicationContext@63355449: startup date [Wed Feb 27 01:12:07 MSK 2019]; root of context hierarchy
2019-02-27 01:12:09 [main] INFO  o.s.b.f.a.AutowiredAnnotationBeanPostProcessor - JSR-330 'javax.inject.Inject' annotation found and supported for autowiring
2019-02-27 01:12:09 [main] INFO  o.s.c.s.PostProcessorRegistrationDelegate$BeanPostProcessorChecker - Bean 'org.springframework.transaction.annotation.ProxyTransactionManagementConfiguration' of type [org.springframework.transaction.annotation.ProxyTransactionManagementConfiguration$$EnhancerBySpringCGLIB$$50bbdacd] is not eligible for getting processed by all BeanPostProcessors (for example: not eligible for auto-proxying)
2019-02-27 01:12:09 [main] INFO  o.s.c.s.PostProcessorRegistrationDelegate$BeanPostProcessorChecker - Bean 'org.springframework.security.config.annotation.configuration.ObjectPostProcessorConfiguration' of type [org.springframework.security.config.annotation.configuration.ObjectPostProcessorConfiguration$$EnhancerBySpringCGLIB$$e969a307] is not eligible for getting processed by all BeanPostProcessors (for example: not eligible for auto-proxying)
2019-02-27 01:12:09 [main] INFO  o.s.c.s.PostProcessorRegistrationDelegate$BeanPostProcessorChecker - Bean 'objectPostProcessor' of type [org.springframework.security.config.annotation.configuration.AutowireBeanFactoryObjectPostProcessor] is not eligible for getting processed by all BeanPostProcessors (for example: not eligible for auto-proxying)
2019-02-27 01:12:09 [main] INFO  o.s.c.s.PostProcessorRegistrationDelegate$BeanPostProcessorChecker - Bean 'org.springframework.security.access.expression.method.DefaultMethodSecurityExpressionHandler@2aa27288' of type [org.springframework.security.access.expression.method.DefaultMethodSecurityExpressionHandler] is not eligible for getting processed by all BeanPostProcessors (for example: not eligible for auto-proxying)
2019-02-27 01:12:09 [main] INFO  o.s.c.s.PostProcessorRegistrationDelegate$BeanPostProcessorChecker - Bean 'org.springframework.security.config.annotation.method.configuration.GlobalMethodSecurityConfiguration' of type [org.springframework.security.config.annotation.method.configuration.GlobalMethodSecurityConfiguration$$EnhancerBySpringCGLIB$$e3e45b9] is not eligible for getting processed by all BeanPostProcessors (for example: not eligible for auto-proxying)
2019-02-27 01:12:09 [main] INFO  o.s.c.s.PostProcessorRegistrationDelegate$BeanPostProcessorChecker - Bean 'methodSecurityMetadataSource' of type [org.springframework.security.access.method.DelegatingMethodSecurityMetadataSource] is not eligible for getting processed by all BeanPostProcessors (for example: not eligible for auto-proxying)
2019-02-27 01:12:10 [main] INFO  o.s.b.w.e.tomcat.TomcatWebServer - Tomcat initialized with port(s): 8080 (http)
2019-02-27 01:12:10 [main] INFO  o.a.catalina.core.StandardService - Starting service [Tomcat]
2019-02-27 01:12:10 [main] INFO  o.a.catalina.core.StandardEngine - Starting Servlet Engine: Apache Tomcat/8.5.34
2019-02-27 01:12:10 [localhost-startStop-1] INFO  o.a.c.core.AprLifecycleListener - The APR based Apache Tomcat Native library which allows optimal performance in production environments was not found on the java.library.path: [D:\Programs\JAVA\jdk1.8.0_161\bin;C:\Windows\Sun\Java\bin;C:\Windows\system32;C:\Windows;C:\ProgramData\Oracle\Java\javapath;C:\Program Files (x86)\NVIDIA Corporation\PhysX\Common;C:\Windows\system32;C:\Windows;C:\Windows\System32\Wbem;C:\Windows\System32\WindowsPowerShell\v1.0\;C:\Program Files\Microsoft SQL Server\120\Tools\Binn\;C:\Program Files\MySQL\MySQL Utilities 1.6\;C:\Program Files (x86)\QuickTime\QTSystem\;C:\Program Files\Git\cmd;C:\Program Files\TortoiseGit\bin;d:\programs\quartus\quartus\bin;D:\Programs\PostgreSql\pg10\bin;D:\Programs\NodeJs\;D:\Programs\UnrealEngine4\NVPACK\android-sdk-windows\extras\android\support;D:\Programs\UnrealEngine4\NVPACK\android-sdk-windows\build-tools;D:\Programs\UnrealEngine4\NVPACK\android-sdk-windows\platform-tools;D:\Programs\UnrealEngine4\NVPACK\android-sdk-windows\tools;D:\Programs\UnrealEngine4\NVPACK\gradle-4.1\bin;D:\Programs\UnrealEngine4\NVPACK\apache-ant-1.8.2\bin;D:\Programs\UnrealEngine4\NVPACK\jdk1.8\bin;D:\Programs\UnrealEngine4\NVPACK\android-ndk-r15c;C:\Users\User\AppData\Local\Microsoft\WindowsApps;C:\Users\User\AppData\Local\GitHubDesktop\bin;C:\Users\User\AppData\Roaming\npm;.]
2019-02-27 01:12:10 [localhost-startStop-1] INFO  o.a.c.c.C.[Tomcat].[localhost].[/] - Initializing Spring embedded WebApplicationContext
2019-02-27 01:12:12 [localhost-startStop-1] INFO  o.s.b.w.s.FilterRegistrationBean - Mapping filter: 'characterEncodingFilter' to: [/*]
2019-02-27 01:12:12 [localhost-startStop-1] INFO  o.s.b.w.s.DelegatingFilterProxyRegistrationBean - Mapping filter: 'springSecurityFilterChain' to: [/*]
2019-02-27 01:12:12 [localhost-startStop-1] INFO  o.s.b.w.s.FilterRegistrationBean - Mapping filter: 'authTokenFilter' to: [/*]
2019-02-27 01:12:12 [localhost-startStop-1] INFO  o.s.b.w.s.ServletRegistrationBean - Servlet dispatcherServlet mapped to [/]
2019-02-27 01:12:12 [main] INFO  com.zaxxer.hikari.HikariDataSource - HikariPool-1 - Starting...
2019-02-27 01:12:13 [main] INFO  com.zaxxer.hikari.HikariDataSource - HikariPool-1 - Start completed.
2019-02-27 01:12:13 [main] INFO  o.s.o.j.LocalContainerEntityManagerFactoryBean - Building JPA container EntityManagerFactory for persistence unit 'default'
2019-02-27 01:12:13 [main] INFO  o.h.jpa.internal.util.LogHelper - HHH000204: Processing PersistenceUnitInfo [
	name: default
	...]
2019-02-27 01:12:13 [main] INFO  org.hibernate.Version - HHH000412: Hibernate Core {5.2.1.Final}
2019-02-27 01:12:13 [main] INFO  org.hibernate.cfg.Environment - HHH000206: hibernate.properties not found
2019-02-27 01:12:13 [main] INFO  org.hibernate.cfg.Environment - HHH000021: Bytecode provider name : javassist
2019-02-27 01:12:14 [main] INFO  o.h.annotations.common.Version - HCANN000001: Hibernate Commons Annotations {5.0.1.Final}
2019-02-27 01:12:14 [main] INFO  org.hibernate.dialect.Dialect - HHH000400: Using dialect: org.hibernate.dialect.MySQLDialect
2019-02-27 01:12:16 [main] INFO  o.s.o.j.LocalContainerEntityManagerFactoryBean - Initialized JPA EntityManagerFactory for persistence unit 'default'
2019-02-27 01:12:19 [main] INFO  o.s.s.web.DefaultSecurityFilterChain - Creating filter chain: org.springframework.security.web.util.matcher.AnyRequestMatcher@1, [org.springframework.security.web.context.request.async.WebAsyncManagerIntegrationFilter@73608eb0, org.springframework.security.web.context.SecurityContextPersistenceFilter@22ead351, org.springframework.security.web.header.HeaderWriterFilter@2f3928ac, org.springframework.web.filter.CorsFilter@67f9cb52, org.springframework.security.web.authentication.logout.LogoutFilter@28393e82, com.laborExchange.webmodule.config.JwtAuthFilter@1b2aa3db, org.springframework.security.web.savedrequest.RequestCacheAwareFilter@43d65a81, org.springframework.security.web.servletapi.SecurityContextHolderAwareRequestFilter@773c2214, org.springframework.security.web.authentication.AnonymousAuthenticationFilter@2de9ca6, org.springframework.security.web.session.SessionManagementFilter@31834a2b, org.springframework.security.web.access.ExceptionTranslationFilter@5e1a986c, org.springframework.security.web.access.intercept.FilterSecurityInterceptor@7f977fba]
2019-02-27 01:12:19 [main] WARN  o.s.b.a.o.j.JpaBaseConfiguration$JpaWebConfiguration$JpaWebMvcConfiguration - spring.jpa.open-in-view is enabled by default. Therefore, database queries may be performed during view rendering. Explicitly configure spring.jpa.open-in-view to disable this warning
2019-02-27 01:12:21 [main] WARN  o.s.b.a.t.ThymeleafAutoConfiguration$DefaultTemplateResolverConfiguration - Cannot find template location: classpath:/templates/ (please add some templates or check your Thymeleaf configuration)
2019-02-27 01:12:21 [main] INFO  o.s.j.e.a.AnnotationMBeanExporter - Registering beans for JMX exposure on startup
2019-02-27 01:12:21 [main] INFO  o.s.j.e.a.AnnotationMBeanExporter - Bean with name 'dataSource' has been autodetected for JMX exposure
2019-02-27 01:12:21 [main] INFO  o.s.j.e.a.AnnotationMBeanExporter - Located MBean 'dataSource': registering with JMX server as MBean [com.zaxxer.hikari:name=dataSource,type=HikariDataSource]
2019-02-27 01:12:21 [main] INFO  o.s.b.w.e.tomcat.TomcatWebServer - Tomcat started on port(s): 8080 (http) with context path ''
2019-02-27 01:12:21 [main] INFO  c.l.webmodule.WebModuleApplication - Started WebModuleApplication in 15.774 seconds (JVM running for 18.727)
